#
# There is insufficient memory for the Java Runtime Environment to continue.
# Native memory allocation (malloc) failed to allocate 556496 bytes for Chunk::new
# Possible reasons:
#   The system is out of physical RAM or swap space
#   The process is running with CompressedOops enabled, and the Java Heap may be blocking the growth of the native heap
# Possible solutions:
#   Reduce memory load on the system
#   Increase physical memory or swap space
#   Check if swap backing store is full
#   Decrease Java heap size (-Xmx/-Xms)
#   Decrease number of Java threads
#   Decrease Java thread stack sizes (-Xss)
#   Set larger code cache with -XX:ReservedCodeCacheSize=
#   JVM is running with Unscaled Compressed Oops mode in which the Java heap is
#     placed in the first 4GB address space. The Java Heap base address is the
#     maximum limit for the native heap growth. Please use -XX:HeapBaseMinAddress
#     to set the Java Heap base and to place the Java Heap above 4GB virtual address.
# This output file may be truncated or incomplete.
#
#  Out of Memory Error (./src/hotspot/share/memory/arena.cpp:197), pid=25588, tid=13548
#
# JRE version: OpenJDK Runtime Environment (11.0.10) (build 11.0.10+0-b96-7249189)
# Java VM: OpenJDK 64-Bit Server VM (11.0.10+0-b96-7249189, mixed mode, tiered, compressed oops, g1 gc, windows-amd64)
# No core dump will be written. Minidumps are not enabled by default on client versions of Windows
#

---------------  S U M M A R Y ------------

Command Line: --add-opens=java.base/java.util=ALL-UNNAMED --add-opens=java.base/java.lang=ALL-UNNAMED --add-opens=java.base/java.lang.invoke=ALL-UNNAMED --add-opens=java.base/java.util=ALL-UNNAMED --add-opens=java.prefs/java.util.prefs=ALL-UNNAMED --add-opens=java.prefs/java.util.prefs=ALL-UNNAMED --add-opens=java.base/java.nio.charset=ALL-UNNAMED --add-opens=java.base/java.net=ALL-UNNAMED --add-opens=java.base/java.util.concurrent.atomic=ALL-UNNAMED -Xmx2048m -Dfile.encoding=UTF-8 -Duser.country=US -Duser.language=en -Duser.variant org.gradle.launcher.daemon.bootstrap.GradleDaemon 7.0.2

Host: Intel(R) Core(TM) i3-7020U CPU @ 2.30GHz, 4 cores, 3G,  Windows 10 , 64 bit Build 19041 (10.0.19041.1348)
Time: Wed Jan 19 08:41:02 2022 SE Asia Standard Time elapsed time: 72.205778 seconds (0d 0h 1m 12s)

---------------  T H R E A D  ---------------

Current thread (0x0000015ca5b7d000):  JavaThread "C2 CompilerThread0" daemon [_thread_in_native, id=13548, stack(0x0000005b24a00000,0x0000005b24b00000)]


Current CompileTask:
C2:  72205 14303   !   4       com.sun.crypto.provider.GaloisCounterMode::decryptFinal (304 bytes)

Stack: [0x0000005b24a00000,0x0000005b24b00000]
Native frames: (J=compiled Java code, j=interpreted, Vv=VM code, C=native code)
V  [jvm.dll+0x5ecfaa]
V  [jvm.dll+0x722bd5]
V  [jvm.dll+0x72412d]
V  [jvm.dll+0x7247e3]
V  [jvm.dll+0x242928]
V  [jvm.dll+0xbc4fc]
V  [jvm.dll+0xbca0c]
V  [jvm.dll+0x352d3b]
V  [jvm.dll+0x197e0c]
V  [jvm.dll+0x1fb70e]
V  [jvm.dll+0x1fa7f4]
V  [jvm.dll+0x18354c]
V  [jvm.dll+0x208ee7]
V  [jvm.dll+0x207731]
V  [jvm.dll+0x6eb1cf]
V  [jvm.dll+0x6e3d45]
V  [jvm.dll+0x5ebe96]
C  [ucrtbase.dll+0x21bb2]
C  [KERNEL32.DLL+0x17034]
C  [ntdll.dll+0x52651]


---------------  P R O C E S S  ---------------

Threads class SMR info:
_java_thread_list=0x0000015caf32e5b0, length=52, elements={
0x0000015c89fde000, 0x0000015ca5b1a800, 0x0000015ca5b1e000, 0x0000015ca5b75800,
0x0000015ca5b79800, 0x0000015ca5b7c000, 0x0000015ca5b7d000, 0x0000015ca5b7e800,
0x0000015ca5b85800, 0x0000015ca65e7800, 0x0000015ca7e1f800, 0x0000015ca7c21800,
0x0000015ca7c22800, 0x0000015ca7c2e000, 0x0000015ca7f4d800, 0x0000015ca76b3000,
0x0000015ca8484000, 0x0000015ca7e2e800, 0x0000015ca69e2800, 0x0000015ca69e3800,
0x0000015ca69e5000, 0x0000015ca69e7800, 0x0000015ca69e4000, 0x0000015ca69e5800,
0x0000015ca69e1800, 0x0000015ca69e6800, 0x0000015ca69e8000, 0x0000015caac9b800,
0x0000015caac9c800, 0x0000015caac9d000, 0x0000015caac9f800, 0x0000015caaca0800,
0x0000015caaca3800, 0x0000015caaca1000, 0x0000015caaca2000, 0x0000015caaca6000,
0x0000015caaca5800, 0x0000015caaca8000, 0x0000015caaca8800, 0x0000015caaca4800,
0x0000015caaca9800, 0x0000015caf0a0000, 0x0000015caf09a800, 0x0000015caf09d800,
0x0000015caf09d000, 0x0000015caf0a1000, 0x0000015caf0a1800, 0x0000015caf09e800,
0x0000015caf09c000, 0x0000015caf0a5000, 0x0000015caf0a2800, 0x0000015caf0a4000
}

Java Threads: ( => current thread )
  0x0000015c89fde000 JavaThread "main" [_thread_blocked, id=1372, stack(0x0000005b23e00000,0x0000005b23f00000)]
  0x0000015ca5b1a800 JavaThread "Reference Handler" daemon [_thread_blocked, id=26256, stack(0x0000005b24500000,0x0000005b24600000)]
  0x0000015ca5b1e000 JavaThread "Finalizer" daemon [_thread_blocked, id=11556, stack(0x0000005b24600000,0x0000005b24700000)]
  0x0000015ca5b75800 JavaThread "Signal Dispatcher" daemon [_thread_blocked, id=25408, stack(0x0000005b24700000,0x0000005b24800000)]
  0x0000015ca5b79800 JavaThread "Attach Listener" daemon [_thread_blocked, id=30308, stack(0x0000005b24800000,0x0000005b24900000)]
  0x0000015ca5b7c000 JavaThread "Service Thread" daemon [_thread_blocked, id=23368, stack(0x0000005b24900000,0x0000005b24a00000)]
=>0x0000015ca5b7d000 JavaThread "C2 CompilerThread0" daemon [_thread_in_native, id=13548, stack(0x0000005b24a00000,0x0000005b24b00000)]
  0x0000015ca5b7e800 JavaThread "C1 CompilerThread0" daemon [_thread_blocked, id=25676, stack(0x0000005b24b00000,0x0000005b24c00000)]
  0x0000015ca5b85800 JavaThread "Sweeper thread" daemon [_thread_blocked, id=25976, stack(0x0000005b24c00000,0x0000005b24d00000)]
  0x0000015ca65e7800 JavaThread "Common-Cleaner" daemon [_thread_blocked, id=15624, stack(0x0000005b24d00000,0x0000005b24e00000)]
  0x0000015ca7e1f800 JavaThread "Daemon health stats" [_thread_blocked, id=10992, stack(0x0000005b25000000,0x0000005b25100000)]
  0x0000015ca7c21800 JavaThread "Incoming local TCP Connector on port 51707" [_thread_in_native, id=8212, stack(0x0000005b25300000,0x0000005b25400000)]
  0x0000015ca7c22800 JavaThread "Daemon periodic checks" [_thread_blocked, id=23792, stack(0x0000005b25400000,0x0000005b25500000)]
  0x0000015ca7c2e000 JavaThread "Daemon" [_thread_blocked, id=27600, stack(0x0000005b25500000,0x0000005b25600000)]
  0x0000015ca7f4d800 JavaThread "Handler for socket connection from /127.0.0.1:51707 to /127.0.0.1:51708" [_thread_in_native, id=25412, stack(0x0000005b25600000,0x0000005b25700000)]
  0x0000015ca76b3000 JavaThread "Cancel handler" [_thread_blocked, id=1432, stack(0x0000005b25700000,0x0000005b25800000)]
  0x0000015ca8484000 JavaThread "Daemon worker" [_thread_blocked, id=20712, stack(0x0000005b25800000,0x0000005b25900000)]
  0x0000015ca7e2e800 JavaThread "Asynchronous log dispatcher for DefaultDaemonConnection: socket connection from /127.0.0.1:51707 to /127.0.0.1:51708" [_thread_blocked, id=26356, stack(0x0000005b25900000,0x0000005b25a00000)]
  0x0000015ca69e2800 JavaThread "Daemon client event forwarder" [_thread_blocked, id=29640, stack(0x0000005b25b00000,0x0000005b25c00000)]
  0x0000015ca69e3800 JavaThread "Cache worker for file hash cache (C:\Users\ASUS\.gradle\caches\7.0.2\fileHashes)" [_thread_blocked, id=24376, stack(0x0000005b25c00000,0x0000005b25d00000)]
  0x0000015ca69e5000 JavaThread "File lock request listener" [_thread_in_native, id=12284, stack(0x0000005b25d00000,0x0000005b25e00000)]
  0x0000015ca69e7800 JavaThread "Cache worker for journal cache (C:\Users\ASUS\.gradle\caches\journal-1)" [_thread_blocked, id=27284, stack(0x0000005b25e00000,0x0000005b25f00000)]
  0x0000015ca69e4000 JavaThread "Cache worker for file hash cache (C:\Users\ASUS\AndroidStudioProjects\roomdatabse\.gradle\7.0.2\fileHashes)" [_thread_blocked, id=6464, stack(0x0000005b25f00000,0x0000005b26000000)]
  0x0000015ca69e5800 JavaThread "File watcher server" daemon [_thread_in_native, id=30680, stack(0x0000005b26000000,0x0000005b26100000)]
  0x0000015ca69e1800 JavaThread "File watcher consumer" daemon [_thread_blocked, id=4888, stack(0x0000005b26100000,0x0000005b26200000)]
  0x0000015ca69e6800 JavaThread "Cache worker for checksums cache (C:\Users\ASUS\AndroidStudioProjects\roomdatabse\.gradle\checksums)" [_thread_blocked, id=25784, stack(0x0000005b26200000,0x0000005b26300000)]
  0x0000015ca69e8000 JavaThread "Cache worker for cache directory md-supplier (C:\Users\ASUS\.gradle\caches\7.0.2\md-supplier)" [_thread_blocked, id=26888, stack(0x0000005b26300000,0x0000005b26400000)]
  0x0000015caac9b800 JavaThread "Cache worker for cache directory md-rule (C:\Users\ASUS\.gradle\caches\7.0.2\md-rule)" [_thread_blocked, id=27072, stack(0x0000005b26400000,0x0000005b26500000)]
  0x0000015caac9c800 JavaThread "Cache worker for execution history cache (C:\Users\ASUS\.gradle\caches\7.0.2\executionHistory)" [_thread_blocked, id=14144, stack(0x0000005b26500000,0x0000005b26600000)]
  0x0000015caac9d000 JavaThread "jar transforms" [_thread_blocked, id=29468, stack(0x0000005b26600000,0x0000005b26700000)]
  0x0000015caac9f800 JavaThread "jar transforms Thread 2" [_thread_blocked, id=19884, stack(0x0000005b26700000,0x0000005b26800000)]
  0x0000015caaca0800 JavaThread "Cache worker for file content cache (C:\Users\ASUS\.gradle\caches\7.0.2\fileContent)" [_thread_blocked, id=26180, stack(0x0000005b26800000,0x0000005b26900000)]
  0x0000015caaca3800 JavaThread "Cache worker for dependencies-accessors (C:\Users\ASUS\AndroidStudioProjects\roomdatabse\.gradle\7.0.2\dependencies-accessors)" [_thread_blocked, id=14428, stack(0x0000005b26900000,0x0000005b26a00000)]
  0x0000015caaca1000 JavaThread "jar transforms Thread 3" [_thread_blocked, id=7204, stack(0x0000005b26a00000,0x0000005b26b00000)]
  0x0000015caaca2000 JavaThread "Cache worker for Build Output Cleanup Cache (C:\Users\ASUS\AndroidStudioProjects\roomdatabse\.gradle\buildOutputCleanup)" [_thread_blocked, id=16068, stack(0x0000005b26b00000,0x0000005b26c00000)]
  0x0000015caaca6000 JavaThread "Build operations" [_thread_in_native, id=25780, stack(0x0000005b26c00000,0x0000005b26d00000)]
  0x0000015caaca5800 JavaThread "Build operations Thread 2" [_thread_in_native, id=27700, stack(0x0000005b26d00000,0x0000005b26e00000)]
  0x0000015caaca8000 JavaThread "Build operations Thread 3" [_thread_in_native, id=23396, stack(0x0000005b26e00000,0x0000005b26f00000)]
  0x0000015caaca8800 JavaThread "Build operations Thread 4" [_thread_blocked, id=23472, stack(0x0000005b26f00000,0x0000005b27000000)]
  0x0000015caaca4800 JavaThread "jar transforms Thread 4" [_thread_blocked, id=25812, stack(0x0000005b27000000,0x0000005b27100000)]
  0x0000015caaca9800 JavaThread "Memory manager" [_thread_blocked, id=8260, stack(0x0000005b27100000,0x0000005b27200000)]
  0x0000015caf0a0000 JavaThread "build event listener" [_thread_blocked, id=27724, stack(0x0000005b27200000,0x0000005b27300000)]
  0x0000015caf09a800 JavaThread "pool-3-thread-1" [_thread_blocked, id=25764, stack(0x0000005b27300000,0x0000005b27400000)]
  0x0000015caf09d800 JavaThread "build event listener" [_thread_blocked, id=12480, stack(0x0000005b27400000,0x0000005b27500000)]
  0x0000015caf09d000 JavaThread "Execution worker for ':'" [_thread_in_native, id=23456, stack(0x0000005b27500000,0x0000005b27600000)]
  0x0000015caf0a1000 JavaThread "Execution worker for ':' Thread 2" [_thread_blocked, id=28316, stack(0x0000005b27600000,0x0000005b27700000)]
  0x0000015caf0a1800 JavaThread "Execution worker for ':' Thread 3" [_thread_blocked, id=28704, stack(0x0000005b27700000,0x0000005b27800000)]
  0x0000015caf09e800 JavaThread "Cache worker for execution history cache (C:\Users\ASUS\AndroidStudioProjects\roomdatabse\.gradle\7.0.2\executionHistory)" [_thread_blocked, id=5156, stack(0x0000005b27800000,0x0000005b27900000)]
  0x0000015caf09c000 JavaThread "WorkerExecutor Queue" [_thread_blocked, id=15800, stack(0x0000005b27c00000,0x0000005b27d00000)]
  0x0000015caf0a5000 JavaThread "WorkerExecutor Queue Thread 2" [_thread_blocked, id=29820, stack(0x0000005b27900000,0x0000005b27a00000)]
  0x0000015caf0a2800 JavaThread "WorkerExecutor Queue Thread 3" [_thread_blocked, id=25820, stack(0x0000005b27d00000,0x0000005b27e00000)]
  0x0000015caf0a4000 JavaThread "WorkerExecutor Queue Thread 4" [_thread_blocked, id=26532, stack(0x0000005b27e00000,0x0000005b27f00000)]

Other Threads:
  0x0000015ca5b12000 VMThread "VM Thread" [stack: 0x0000005b24400000,0x0000005b24500000] [id=29388]
  0x0000015ca662d000 WatcherThread [stack: 0x0000005b24e00000,0x0000005b24f00000] [id=12792]
  0x0000015c89ff6000 GCTaskThread "GC Thread#0" [stack: 0x0000005b23f00000,0x0000005b24000000] [id=9552]
  0x0000015ca6a58800 GCTaskThread "GC Thread#1" [stack: 0x0000005b24f00000,0x0000005b25000000] [id=26308]
  0x0000015ca75eb800 GCTaskThread "GC Thread#2" [stack: 0x0000005b25100000,0x0000005b25200000] [id=25760]
  0x0000015ca7cff000 GCTaskThread "GC Thread#3" [stack: 0x0000005b25200000,0x0000005b25300000] [id=27744]
  0x0000015c8a028800 ConcurrentGCThread "G1 Main Marker" [stack: 0x0000005b24000000,0x0000005b24100000] [id=6008]
  0x0000015c8a029800 ConcurrentGCThread "G1 Conc#0" [stack: 0x0000005b24100000,0x0000005b24200000] [id=26156]
  0x0000015c8a081800 ConcurrentGCThread "G1 Refine#0" [stack: 0x0000005b24200000,0x0000005b24300000] [id=25768]
  0x0000015c8a082800 ConcurrentGCThread "G1 Young RemSet Sampling" [stack: 0x0000005b24300000,0x0000005b24400000] [id=13680]

Threads with active compile tasks:
C2 CompilerThread0  72739 14303   !   4       com.sun.crypto.provider.GaloisCounterMode::decryptFinal (304 bytes)

VM state:not at safepoint (normal execution)

VM Mutex/Monitor currently owned by a thread: None

Heap address: 0x0000000080000000, size: 2048 MB, Compressed Oops mode: 32-bit
Narrow klass base: 0x0000000000000000, Narrow klass shift: 3
Compressed class space size: 1073741824 Address: 0x0000000100000000

Heap:
 garbage-first heap   total 228352K, used 106512K [0x0000000080000000, 0x0000000100000000)
  region size 1024K, 14 young (14336K), 7 survivors (7168K)
 Metaspace       used 104628K, capacity 106901K, committed 107184K, reserved 1142784K
  class space    used 12949K, capacity 13779K, committed 13824K, reserved 1048576K
Heap Regions: E=young(eden), S=young(survivor), O=old, HS=humongous(starts), HC=humongous(continues), CS=collection set, F=free, A=archive, TAMS=top-at-mark-start (previous, next)
|   0|0x0000000080000000, 0x0000000080100000, 0x0000000080100000|100%| O|  |TAMS 0x0000000080100000, 0x0000000080000000| Untracked 
|   1|0x0000000080100000, 0x0000000080200000, 0x0000000080200000|100%| O|  |TAMS 0x0000000080200000, 0x0000000080100000| Untracked 
|   2|0x0000000080200000, 0x0000000080300000, 0x0000000080300000|100%| O|  |TAMS 0x0000000080300000, 0x0000000080200000| Untracked 
|   3|0x0000000080300000, 0x0000000080400000, 0x0000000080400000|100%|HS|  |TAMS 0x0000000080400000, 0x0000000080300000| Complete 
|   4|0x0000000080400000, 0x0000000080500000, 0x0000000080500000|100%|HC|  |TAMS 0x0000000080500000, 0x0000000080400000| Complete 
|   5|0x0000000080500000, 0x0000000080600000, 0x0000000080600000|100%|HC|  |TAMS 0x0000000080600000, 0x0000000080500000| Complete 
|   6|0x0000000080600000, 0x0000000080700000, 0x0000000080700000|100%| O|  |TAMS 0x0000000080700000, 0x0000000080600000| Untracked 
|   7|0x0000000080700000, 0x0000000080800000, 0x0000000080800000|100%| O|  |TAMS 0x0000000080800000, 0x0000000080700000| Untracked 
|   8|0x0000000080800000, 0x0000000080900000, 0x0000000080900000|100%| O|  |TAMS 0x0000000080900000, 0x0000000080800000| Untracked 
|   9|0x0000000080900000, 0x0000000080a00000, 0x0000000080a00000|100%| O|  |TAMS 0x0000000080a00000, 0x0000000080900000| Untracked 
|  10|0x0000000080a00000, 0x0000000080b00000, 0x0000000080b00000|100%| O|  |TAMS 0x0000000080b00000, 0x0000000080a00000| Untracked 
|  11|0x0000000080b00000, 0x0000000080c00000, 0x0000000080c00000|100%| O|  |TAMS 0x0000000080c00000, 0x0000000080b00000| Untracked 
|  12|0x0000000080c00000, 0x0000000080d00000, 0x0000000080d00000|100%| O|  |TAMS 0x0000000080d00000, 0x0000000080c00000| Untracked 
|  13|0x0000000080d00000, 0x0000000080e00000, 0x0000000080e00000|100%| O|  |TAMS 0x0000000080e00000, 0x0000000080d00000| Untracked 
|  14|0x0000000080e00000, 0x0000000080f00000, 0x0000000080f00000|100%| O|  |TAMS 0x0000000080f00000, 0x0000000080e00000| Untracked 
|  15|0x0000000080f00000, 0x0000000081000000, 0x0000000081000000|100%| O|  |TAMS 0x0000000081000000, 0x0000000080f00000| Untracked 
|  16|0x0000000081000000, 0x0000000081100000, 0x0000000081100000|100%| O|  |TAMS 0x0000000081100000, 0x0000000081000000| Untracked 
|  17|0x0000000081100000, 0x0000000081200000, 0x0000000081200000|100%| O|  |TAMS 0x0000000081200000, 0x0000000081100000| Untracked 
|  18|0x0000000081200000, 0x0000000081300000, 0x0000000081300000|100%| O|  |TAMS 0x0000000081300000, 0x0000000081200000| Untracked 
|  19|0x0000000081300000, 0x0000000081400000, 0x0000000081400000|100%| O|  |TAMS 0x0000000081400000, 0x0000000081300000| Untracked 
|  20|0x0000000081400000, 0x0000000081500000, 0x0000000081500000|100%| O|  |TAMS 0x0000000081500000, 0x0000000081400000| Untracked 
|  21|0x0000000081500000, 0x0000000081600000, 0x0000000081600000|100%| O|  |TAMS 0x0000000081600000, 0x0000000081500000| Untracked 
|  22|0x0000000081600000, 0x0000000081700000, 0x0000000081700000|100%| O|  |TAMS 0x0000000081700000, 0x0000000081600000| Untracked 
|  23|0x0000000081700000, 0x0000000081800000, 0x0000000081800000|100%| O|  |TAMS 0x0000000081800000, 0x0000000081700000| Untracked 
|  24|0x0000000081800000, 0x0000000081900000, 0x0000000081900000|100%|HS|  |TAMS 0x0000000081900000, 0x0000000081800000| Complete 
|  25|0x0000000081900000, 0x0000000081a00000, 0x0000000081a00000|100%| O|  |TAMS 0x0000000081a00000, 0x0000000081900000| Untracked 
|  26|0x0000000081a00000, 0x0000000081b00000, 0x0000000081b00000|100%| O|  |TAMS 0x0000000081b00000, 0x0000000081a00000| Untracked 
|  27|0x0000000081b00000, 0x0000000081c00000, 0x0000000081c00000|100%| O|  |TAMS 0x0000000081c00000, 0x0000000081b00000| Untracked 
|  28|0x0000000081c00000, 0x0000000081d00000, 0x0000000081d00000|100%|HS|  |TAMS 0x0000000081d00000, 0x0000000081c00000| Complete 
|  29|0x0000000081d00000, 0x0000000081e00000, 0x0000000081e00000|100%|HS|  |TAMS 0x0000000081e00000, 0x0000000081d00000| Complete 
|  30|0x0000000081e00000, 0x0000000081f00000, 0x0000000081f00000|100%|HS|  |TAMS 0x0000000081f00000, 0x0000000081e00000| Complete 
|  31|0x0000000081f00000, 0x0000000082000000, 0x0000000082000000|100%|HC|  |TAMS 0x0000000082000000, 0x0000000081f00000| Complete 
|  32|0x0000000082000000, 0x0000000082100000, 0x0000000082100000|100%|HC|  |TAMS 0x0000000082100000, 0x0000000082000000| Complete 
|  33|0x0000000082100000, 0x0000000082200000, 0x0000000082200000|100%|HS|  |TAMS 0x0000000082200000, 0x0000000082100000| Complete 
|  34|0x0000000082200000, 0x0000000082300000, 0x0000000082300000|100%|HC|  |TAMS 0x0000000082300000, 0x0000000082200000| Complete 
|  35|0x0000000082300000, 0x0000000082400000, 0x0000000082400000|100%| O|  |TAMS 0x0000000082400000, 0x0000000082300000| Untracked 
|  36|0x0000000082400000, 0x0000000082500000, 0x0000000082500000|100%| O|  |TAMS 0x0000000082500000, 0x0000000082400000| Untracked 
|  37|0x0000000082500000, 0x0000000082600000, 0x0000000082600000|100%| O|  |TAMS 0x0000000082600000, 0x0000000082500000| Untracked 
|  38|0x0000000082600000, 0x0000000082700000, 0x0000000082700000|100%| O|  |TAMS 0x0000000082700000, 0x0000000082600000| Untracked 
|  39|0x0000000082700000, 0x0000000082800000, 0x0000000082800000|100%| O|  |TAMS 0x0000000082800000, 0x0000000082700000| Untracked 
|  40|0x0000000082800000, 0x0000000082900000, 0x0000000082900000|100%| O|  |TAMS 0x0000000082900000, 0x0000000082800000| Untracked 
|  41|0x0000000082900000, 0x0000000082a00000, 0x0000000082a00000|100%| O|  |TAMS 0x0000000082a00000, 0x0000000082900000| Untracked 
|  42|0x0000000082a00000, 0x0000000082b00000, 0x0000000082b00000|100%| O|  |TAMS 0x0000000082b00000, 0x0000000082a00000| Untracked 
|  43|0x0000000082b00000, 0x0000000082c00000, 0x0000000082c00000|100%| O|  |TAMS 0x0000000082c00000, 0x0000000082b00000| Untracked 
|  44|0x0000000082c00000, 0x0000000082d00000, 0x0000000082d00000|100%| O|  |TAMS 0x0000000082d00000, 0x0000000082c00000| Untracked 
|  45|0x0000000082d00000, 0x0000000082e00000, 0x0000000082e00000|100%| O|  |TAMS 0x0000000082e00000, 0x0000000082d00000| Untracked 
|  46|0x0000000082e00000, 0x0000000082f00000, 0x0000000082f00000|100%| O|  |TAMS 0x0000000082f00000, 0x0000000082e00000| Untracked 
|  47|0x0000000082f00000, 0x0000000083000000, 0x0000000083000000|100%| O|  |TAMS 0x0000000083000000, 0x0000000082f00000| Untracked 
|  48|0x0000000083000000, 0x0000000083100000, 0x0000000083100000|100%| O|  |TAMS 0x0000000083100000, 0x0000000083000000| Untracked 
|  49|0x0000000083100000, 0x0000000083200000, 0x0000000083200000|100%| O|  |TAMS 0x0000000083200000, 0x0000000083100000| Untracked 
|  50|0x0000000083200000, 0x0000000083300000, 0x0000000083300000|100%| O|  |TAMS 0x0000000083300000, 0x0000000083200000| Untracked 
|  51|0x0000000083300000, 0x0000000083400000, 0x0000000083400000|100%| O|  |TAMS 0x0000000083400000, 0x0000000083300000| Untracked 
|  52|0x0000000083400000, 0x0000000083500000, 0x0000000083500000|100%| O|  |TAMS 0x0000000083500000, 0x0000000083400000| Untracked 
|  53|0x0000000083500000, 0x0000000083600000, 0x0000000083600000|100%| O|  |TAMS 0x0000000083600000, 0x0000000083500000| Untracked 
|  54|0x0000000083600000, 0x0000000083700000, 0x0000000083700000|100%| O|  |TAMS 0x0000000083700000, 0x0000000083600000| Untracked 
|  55|0x0000000083700000, 0x0000000083800000, 0x0000000083800000|100%| O|  |TAMS 0x0000000083800000, 0x0000000083700000| Untracked 
|  56|0x0000000083800000, 0x0000000083900000, 0x0000000083900000|100%| O|  |TAMS 0x0000000083900000, 0x0000000083800000| Untracked 
|  57|0x0000000083900000, 0x0000000083a00000, 0x0000000083a00000|100%| O|  |TAMS 0x0000000083a00000, 0x0000000083900000| Untracked 
|  58|0x0000000083a00000, 0x0000000083b00000, 0x0000000083b00000|100%| O|  |TAMS 0x0000000083b00000, 0x0000000083a00000| Untracked 
|  59|0x0000000083b00000, 0x0000000083c00000, 0x0000000083c00000|100%| O|  |TAMS 0x0000000083c00000, 0x0000000083b00000| Untracked 
|  60|0x0000000083c00000, 0x0000000083d00000, 0x0000000083d00000|100%| O|  |TAMS 0x0000000083d00000, 0x0000000083c00000| Untracked 
|  61|0x0000000083d00000, 0x0000000083e00000, 0x0000000083e00000|100%| O|  |TAMS 0x0000000083e00000, 0x0000000083d00000| Untracked 
|  62|0x0000000083e00000, 0x0000000083f00000, 0x0000000083f00000|100%| O|  |TAMS 0x0000000083f00000, 0x0000000083e00000| Untracked 
|  63|0x0000000083f00000, 0x0000000084000000, 0x0000000084000000|100%| O|  |TAMS 0x0000000084000000, 0x0000000083f00000| Untracked 
|  64|0x0000000084000000, 0x0000000084100000, 0x0000000084100000|100%| O|  |TAMS 0x0000000084100000, 0x0000000084000000| Untracked 
|  65|0x0000000084100000, 0x0000000084200000, 0x0000000084200000|100%| O|  |TAMS 0x0000000084200000, 0x0000000084100000| Untracked 
|  66|0x0000000084200000, 0x0000000084300000, 0x0000000084300000|100%| O|  |TAMS 0x0000000084300000, 0x0000000084200000| Untracked 
|  67|0x0000000084300000, 0x0000000084400000, 0x0000000084400000|100%| O|  |TAMS 0x0000000084400000, 0x0000000084300000| Untracked 
|  68|0x0000000084400000, 0x0000000084500000, 0x0000000084500000|100%| O|  |TAMS 0x0000000084500000, 0x0000000084400000| Untracked 
|  69|0x0000000084500000, 0x0000000084600000, 0x0000000084600000|100%| O|  |TAMS 0x0000000084600000, 0x0000000084500000| Untracked 
|  70|0x0000000084600000, 0x0000000084700000, 0x0000000084700000|100%| O|  |TAMS 0x0000000084700000, 0x0000000084600000| Untracked 
|  71|0x0000000084700000, 0x0000000084800000, 0x0000000084800000|100%| O|  |TAMS 0x0000000084800000, 0x0000000084700000| Untracked 
|  72|0x0000000084800000, 0x0000000084900000, 0x0000000084900000|100%| O|  |TAMS 0x0000000084800000, 0x0000000084800000| Untracked 
|  73|0x0000000084900000, 0x0000000084a00000, 0x0000000084a00000|100%| O|  |TAMS 0x0000000084900000, 0x0000000084900000| Untracked 
|  74|0x0000000084a00000, 0x0000000084b00000, 0x0000000084b00000|100%| O|  |TAMS 0x0000000084a00000, 0x0000000084a00000| Untracked 
|  75|0x0000000084b00000, 0x0000000084c00000, 0x0000000084c00000|100%| O|  |TAMS 0x0000000084c00000, 0x0000000084b00000| Untracked 
|  76|0x0000000084c00000, 0x0000000084d00000, 0x0000000084d00000|100%| O|  |TAMS 0x0000000084d00000, 0x0000000084c00000| Untracked 
|  77|0x0000000084d00000, 0x0000000084d00000, 0x0000000084e00000|  0%| F|  |TAMS 0x0000000084d00000, 0x0000000084d00000| Untracked 
|  78|0x0000000084e00000, 0x0000000084f00000, 0x0000000084f00000|100%| O|  |TAMS 0x0000000084f00000, 0x0000000084e00000| Untracked 
|  79|0x0000000084f00000, 0x0000000085000000, 0x0000000085000000|100%| O|  |TAMS 0x0000000085000000, 0x0000000084f00000| Untracked 
|  80|0x0000000085000000, 0x0000000085100000, 0x0000000085100000|100%| O|  |TAMS 0x0000000085100000, 0x0000000085000000| Untracked 
|  81|0x0000000085100000, 0x0000000085200000, 0x0000000085200000|100%| O|  |TAMS 0x0000000085100000, 0x0000000085100000| Untracked 
|  82|0x0000000085200000, 0x0000000085200000, 0x0000000085300000|  0%| F|  |TAMS 0x0000000085200000, 0x0000000085200000| Untracked 
|  83|0x0000000085300000, 0x0000000085400000, 0x0000000085400000|100%| O|  |TAMS 0x0000000085300000, 0x0000000085300000| Untracked 
|  84|0x0000000085400000, 0x0000000085500000, 0x0000000085500000|100%| O|  |TAMS 0x0000000085400000, 0x0000000085400000| Untracked 
|  85|0x0000000085500000, 0x0000000085550200, 0x0000000085600000| 31%| O|  |TAMS 0x0000000085500000, 0x0000000085500000| Untracked 
|  86|0x0000000085600000, 0x0000000085600000, 0x0000000085700000|  0%| F|  |TAMS 0x0000000085600000, 0x0000000085600000| Untracked 
|  87|0x0000000085700000, 0x0000000085700000, 0x0000000085800000|  0%| F|  |TAMS 0x0000000085700000, 0x0000000085700000| Untracked 
|  88|0x0000000085800000, 0x0000000085800000, 0x0000000085900000|  0%| F|  |TAMS 0x0000000085800000, 0x0000000085800000| Untracked 
|  89|0x0000000085900000, 0x0000000085900000, 0x0000000085a00000|  0%| F|  |TAMS 0x0000000085900000, 0x0000000085900000| Untracked 
|  90|0x0000000085a00000, 0x0000000085a00000, 0x0000000085b00000|  0%| F|  |TAMS 0x0000000085a00000, 0x0000000085a00000| Untracked 
|  91|0x0000000085b00000, 0x0000000085b00000, 0x0000000085c00000|  0%| F|  |TAMS 0x0000000085b00000, 0x0000000085b00000| Untracked 
|  92|0x0000000085c00000, 0x0000000085c00000, 0x0000000085d00000|  0%| F|  |TAMS 0x0000000085c00000, 0x0000000085c00000| Untracked 
|  93|0x0000000085d00000, 0x0000000085d00000, 0x0000000085e00000|  0%| F|  |TAMS 0x0000000085d00000, 0x0000000085d00000| Untracked 
|  94|0x0000000085e00000, 0x0000000085f00000, 0x0000000085f00000|100%| O|  |TAMS 0x0000000085f00000, 0x0000000085e00000| Untracked 
|  95|0x0000000085f00000, 0x0000000086000000, 0x0000000086000000|100%| O|  |TAMS 0x0000000086000000, 0x0000000085f00000| Untracked 
|  96|0x0000000086000000, 0x0000000086000000, 0x0000000086100000|  0%| F|  |TAMS 0x0000000086000000, 0x0000000086000000| Untracked 
|  97|0x0000000086100000, 0x0000000086200000, 0x0000000086200000|100%| O|  |TAMS 0x0000000086200000, 0x0000000086100000| Untracked 
|  98|0x0000000086200000, 0x0000000086200000, 0x0000000086300000|  0%| F|  |TAMS 0x0000000086200000, 0x0000000086200000| Untracked 
|  99|0x0000000086300000, 0x0000000086400000, 0x0000000086400000|100%| O|  |TAMS 0x0000000086400000, 0x0000000086300000| Untracked 
| 100|0x0000000086400000, 0x0000000086500000, 0x0000000086500000|100%| O|  |TAMS 0x0000000086500000, 0x0000000086400000| Untracked 
| 101|0x0000000086500000, 0x0000000086600000, 0x0000000086600000|100%| O|  |TAMS 0x0000000086600000, 0x0000000086500000| Untracked 
| 102|0x0000000086600000, 0x0000000086600000, 0x0000000086700000|  0%| F|  |TAMS 0x0000000086600000, 0x0000000086600000| Untracked 
| 103|0x0000000086700000, 0x0000000086800000, 0x0000000086800000|100%| O|  |TAMS 0x0000000086800000, 0x0000000086700000| Untracked 
| 104|0x0000000086800000, 0x0000000086900000, 0x0000000086900000|100%| O|  |TAMS 0x00000000868b1400, 0x0000000086800000| Untracked 
| 105|0x0000000086900000, 0x0000000086900000, 0x0000000086a00000|  0%| F|  |TAMS 0x0000000086900000, 0x0000000086900000| Untracked 
| 106|0x0000000086a00000, 0x0000000086a00000, 0x0000000086b00000|  0%| F|  |TAMS 0x0000000086a00000, 0x0000000086a00000| Untracked 
| 107|0x0000000086b00000, 0x0000000086b00000, 0x0000000086c00000|  0%| F|  |TAMS 0x0000000086b00000, 0x0000000086b00000| Untracked 
| 108|0x0000000086c00000, 0x0000000086c00000, 0x0000000086d00000|  0%| F|  |TAMS 0x0000000086c00000, 0x0000000086c00000| Untracked 
| 109|0x0000000086d00000, 0x0000000086d00000, 0x0000000086e00000|  0%| F|  |TAMS 0x0000000086d00000, 0x0000000086d00000| Untracked 
| 110|0x0000000086e00000, 0x0000000086e00000, 0x0000000086f00000|  0%| F|  |TAMS 0x0000000086e00000, 0x0000000086e00000| Untracked 
| 111|0x0000000086f00000, 0x0000000086f00000, 0x0000000087000000|  0%| F|  |TAMS 0x0000000086f00000, 0x0000000086f00000| Untracked 
| 112|0x0000000087000000, 0x0000000087000000, 0x0000000087100000|  0%| F|  |TAMS 0x0000000087000000, 0x0000000087000000| Untracked 
| 113|0x0000000087100000, 0x0000000087100000, 0x0000000087200000|  0%| F|  |TAMS 0x0000000087100000, 0x0000000087100000| Untracked 
| 114|0x0000000087200000, 0x0000000087200000, 0x0000000087300000|  0%| F|  |TAMS 0x0000000087200000, 0x0000000087200000| Untracked 
| 115|0x0000000087300000, 0x0000000087300000, 0x0000000087400000|  0%| F|  |TAMS 0x0000000087300000, 0x0000000087300000| Untracked 
| 116|0x0000000087400000, 0x0000000087400000, 0x0000000087500000|  0%| F|  |TAMS 0x0000000087400000, 0x0000000087400000| Untracked 
| 117|0x0000000087500000, 0x0000000087500000, 0x0000000087600000|  0%| F|  |TAMS 0x0000000087500000, 0x0000000087500000| Untracked 
| 118|0x0000000087600000, 0x0000000087700000, 0x0000000087700000|100%| O|  |TAMS 0x0000000087700000, 0x0000000087600000| Untracked 
| 119|0x0000000087700000, 0x0000000087700000, 0x0000000087800000|  0%| F|  |TAMS 0x0000000087700000, 0x0000000087700000| Untracked 
| 120|0x0000000087800000, 0x0000000087800000, 0x0000000087900000|  0%| F|  |TAMS 0x0000000087800000, 0x0000000087800000| Untracked 
| 121|0x0000000087900000, 0x0000000087900000, 0x0000000087a00000|  0%| F|  |TAMS 0x0000000087900000, 0x0000000087900000| Untracked 
| 122|0x0000000087a00000, 0x0000000087a00000, 0x0000000087b00000|  0%| F|  |TAMS 0x0000000087a00000, 0x0000000087a00000| Untracked 
| 123|0x0000000087b00000, 0x0000000087b00000, 0x0000000087c00000|  0%| F|  |TAMS 0x0000000087b00000, 0x0000000087b00000| Untracked 
| 124|0x0000000087c00000, 0x0000000087c00000, 0x0000000087d00000|  0%| F|  |TAMS 0x0000000087c00000, 0x0000000087c00000| Untracked 
| 125|0x0000000087d00000, 0x0000000087d00000, 0x0000000087e00000|  0%| F|  |TAMS 0x0000000087d00000, 0x0000000087d00000| Untracked 
| 126|0x0000000087e00000, 0x0000000087e00000, 0x0000000087f00000|  0%| F|  |TAMS 0x0000000087e00000, 0x0000000087e00000| Untracked 
| 127|0x0000000087f00000, 0x0000000087f00000, 0x0000000088000000|  0%| F|  |TAMS 0x0000000087f00000, 0x0000000087f00000| Untracked 
| 128|0x0000000088000000, 0x0000000088000000, 0x0000000088100000|  0%| F|  |TAMS 0x0000000088000000, 0x0000000088000000| Untracked 
| 129|0x0000000088100000, 0x0000000088100000, 0x0000000088200000|  0%| F|  |TAMS 0x0000000088100000, 0x0000000088100000| Untracked 
| 130|0x0000000088200000, 0x0000000088200000, 0x0000000088300000|  0%| F|  |TAMS 0x0000000088200000, 0x0000000088200000| Untracked 
| 131|0x0000000088300000, 0x0000000088300000, 0x0000000088400000|  0%| F|  |TAMS 0x0000000088300000, 0x0000000088300000| Untracked 
| 132|0x0000000088400000, 0x0000000088400000, 0x0000000088500000|  0%| F|  |TAMS 0x0000000088400000, 0x0000000088400000| Untracked 
| 133|0x0000000088500000, 0x00000000885b4080, 0x0000000088600000| 70%| S|CS|TAMS 0x0000000088500000, 0x0000000088500000| Complete 
| 134|0x0000000088600000, 0x0000000088700000, 0x0000000088700000|100%| S|CS|TAMS 0x0000000088600000, 0x0000000088600000| Complete 
| 135|0x0000000088700000, 0x0000000088800000, 0x0000000088800000|100%| S|CS|TAMS 0x0000000088700000, 0x0000000088700000| Complete 
| 136|0x0000000088800000, 0x0000000088900000, 0x0000000088900000|100%| S|CS|TAMS 0x0000000088800000, 0x0000000088800000| Complete 
| 137|0x0000000088900000, 0x0000000088900000, 0x0000000088a00000|  0%| F|  |TAMS 0x0000000088900000, 0x0000000088900000| Untracked 
| 138|0x0000000088a00000, 0x0000000088a00000, 0x0000000088b00000|  0%| F|  |TAMS 0x0000000088a00000, 0x0000000088a00000| Untracked 
| 139|0x0000000088b00000, 0x0000000088b00000, 0x0000000088c00000|  0%| F|  |TAMS 0x0000000088b00000, 0x0000000088b00000| Untracked 
| 140|0x0000000088c00000, 0x0000000088c00000, 0x0000000088d00000|  0%| F|  |TAMS 0x0000000088c00000, 0x0000000088c00000| Untracked 
| 141|0x0000000088d00000, 0x0000000088d00000, 0x0000000088e00000|  0%| F|  |TAMS 0x0000000088d00000, 0x0000000088d00000| Untracked 
| 142|0x0000000088e00000, 0x0000000088f00000, 0x0000000088f00000|100%| S|CS|TAMS 0x0000000088e00000, 0x0000000088e00000| Complete 
| 143|0x0000000088f00000, 0x0000000089000000, 0x0000000089000000|100%| S|CS|TAMS 0x0000000088f00000, 0x0000000088f00000| Complete 
| 144|0x0000000089000000, 0x0000000089100000, 0x0000000089100000|100%| S|CS|TAMS 0x0000000089000000, 0x0000000089000000| Complete 
| 145|0x0000000089100000, 0x0000000089100000, 0x0000000089200000|  0%| F|  |TAMS 0x0000000089100000, 0x0000000089100000| Untracked 
| 146|0x0000000089200000, 0x0000000089200000, 0x0000000089300000|  0%| F|  |TAMS 0x0000000089200000, 0x0000000089200000| Untracked 
| 147|0x0000000089300000, 0x0000000089300000, 0x0000000089400000|  0%| F|  |TAMS 0x0000000089300000, 0x0000000089300000| Untracked 
| 148|0x0000000089400000, 0x0000000089400000, 0x0000000089500000|  0%| F|  |TAMS 0x0000000089400000, 0x0000000089400000| Untracked 
| 149|0x0000000089500000, 0x0000000089500000, 0x0000000089600000|  0%| F|  |TAMS 0x0000000089500000, 0x0000000089500000| Untracked 
| 150|0x0000000089600000, 0x0000000089600000, 0x0000000089700000|  0%| F|  |TAMS 0x0000000089600000, 0x0000000089600000| Untracked 
| 151|0x0000000089700000, 0x0000000089700000, 0x0000000089800000|  0%| F|  |TAMS 0x0000000089700000, 0x0000000089700000| Untracked 
| 152|0x0000000089800000, 0x0000000089800000, 0x0000000089900000|  0%| F|  |TAMS 0x0000000089800000, 0x0000000089800000| Untracked 
| 153|0x0000000089900000, 0x0000000089900000, 0x0000000089a00000|  0%| F|  |TAMS 0x0000000089900000, 0x0000000089900000| Untracked 
| 154|0x0000000089a00000, 0x0000000089a00000, 0x0000000089b00000|  0%| F|  |TAMS 0x0000000089a00000, 0x0000000089a00000| Untracked 
| 155|0x0000000089b00000, 0x0000000089b00000, 0x0000000089c00000|  0%| F|  |TAMS 0x0000000089b00000, 0x0000000089b00000| Untracked 
| 156|0x0000000089c00000, 0x0000000089c00000, 0x0000000089d00000|  0%| F|  |TAMS 0x0000000089c00000, 0x0000000089c00000| Untracked 
| 157|0x0000000089d00000, 0x0000000089d00000, 0x0000000089e00000|  0%| F|  |TAMS 0x0000000089d00000, 0x0000000089d00000| Untracked 
| 158|0x0000000089e00000, 0x0000000089e00000, 0x0000000089f00000|  0%| F|  |TAMS 0x0000000089e00000, 0x0000000089e00000| Untracked 
| 159|0x0000000089f00000, 0x0000000089f00000, 0x000000008a000000|  0%| F|  |TAMS 0x0000000089f00000, 0x0000000089f00000| Untracked 
| 160|0x000000008a000000, 0x000000008a000000, 0x000000008a100000|  0%| F|  |TAMS 0x000000008a000000, 0x000000008a000000| Untracked 
| 161|0x000000008a100000, 0x000000008a100000, 0x000000008a200000|  0%| F|  |TAMS 0x000000008a100000, 0x000000008a100000| Untracked 
| 162|0x000000008a200000, 0x000000008a200000, 0x000000008a300000|  0%| F|  |TAMS 0x000000008a200000, 0x000000008a200000| Untracked 
| 163|0x000000008a300000, 0x000000008a300000, 0x000000008a400000|  0%| F|  |TAMS 0x000000008a300000, 0x000000008a300000| Untracked 
| 164|0x000000008a400000, 0x000000008a400000, 0x000000008a500000|  0%| F|  |TAMS 0x000000008a400000, 0x000000008a400000| Untracked 
| 165|0x000000008a500000, 0x000000008a500000, 0x000000008a600000|  0%| F|  |TAMS 0x000000008a500000, 0x000000008a500000| Untracked 
| 166|0x000000008a600000, 0x000000008a600000, 0x000000008a700000|  0%| F|  |TAMS 0x000000008a600000, 0x000000008a600000| Untracked 
| 167|0x000000008a700000, 0x000000008a700000, 0x000000008a800000|  0%| F|  |TAMS 0x000000008a700000, 0x000000008a700000| Untracked 
| 168|0x000000008a800000, 0x000000008a800000, 0x000000008a900000|  0%| F|  |TAMS 0x000000008a800000, 0x000000008a800000| Untracked 
| 169|0x000000008a900000, 0x000000008a900000, 0x000000008aa00000|  0%| F|  |TAMS 0x000000008a900000, 0x000000008a900000| Untracked 
| 170|0x000000008aa00000, 0x000000008aa00000, 0x000000008ab00000|  0%| F|  |TAMS 0x000000008aa00000, 0x000000008aa00000| Untracked 
| 171|0x000000008ab00000, 0x000000008ab00000, 0x000000008ac00000|  0%| F|  |TAMS 0x000000008ab00000, 0x000000008ab00000| Untracked 
| 172|0x000000008ac00000, 0x000000008ac00000, 0x000000008ad00000|  0%| F|  |TAMS 0x000000008ac00000, 0x000000008ac00000| Untracked 
| 173|0x000000008ad00000, 0x000000008ad00000, 0x000000008ae00000|  0%| F|  |TAMS 0x000000008ad00000, 0x000000008ad00000| Untracked 
| 174|0x000000008ae00000, 0x000000008ae00000, 0x000000008af00000|  0%| F|  |TAMS 0x000000008ae00000, 0x000000008ae00000| Untracked 
| 175|0x000000008af00000, 0x000000008af00000, 0x000000008b000000|  0%| F|  |TAMS 0x000000008af00000, 0x000000008af00000| Untracked 
| 176|0x000000008b000000, 0x000000008b000000, 0x000000008b100000|  0%| F|  |TAMS 0x000000008b000000, 0x000000008b000000| Untracked 
| 177|0x000000008b100000, 0x000000008b100000, 0x000000008b200000|  0%| F|  |TAMS 0x000000008b100000, 0x000000008b100000| Untracked 
| 178|0x000000008b200000, 0x000000008b200000, 0x000000008b300000|  0%| F|  |TAMS 0x000000008b200000, 0x000000008b200000| Untracked 
| 179|0x000000008b300000, 0x000000008b300000, 0x000000008b400000|  0%| F|  |TAMS 0x000000008b300000, 0x000000008b300000| Untracked 
| 180|0x000000008b400000, 0x000000008b400000, 0x000000008b500000|  0%| F|  |TAMS 0x000000008b400000, 0x000000008b400000| Untracked 
| 181|0x000000008b500000, 0x000000008b500000, 0x000000008b600000|  0%| F|  |TAMS 0x000000008b500000, 0x000000008b500000| Untracked 
| 182|0x000000008b600000, 0x000000008b600000, 0x000000008b700000|  0%| F|  |TAMS 0x000000008b600000, 0x000000008b600000| Untracked 
| 183|0x000000008b700000, 0x000000008b700000, 0x000000008b800000|  0%| F|  |TAMS 0x000000008b700000, 0x000000008b700000| Untracked 
| 184|0x000000008b800000, 0x000000008b800000, 0x000000008b900000|  0%| F|  |TAMS 0x000000008b800000, 0x000000008b800000| Untracked 
| 185|0x000000008b900000, 0x000000008b900000, 0x000000008ba00000|  0%| F|  |TAMS 0x000000008b900000, 0x000000008b900000| Untracked 
| 186|0x000000008ba00000, 0x000000008ba00000, 0x000000008bb00000|  0%| F|  |TAMS 0x000000008ba00000, 0x000000008ba00000| Untracked 
| 187|0x000000008bb00000, 0x000000008bb00000, 0x000000008bc00000|  0%| F|  |TAMS 0x000000008bb00000, 0x000000008bb00000| Untracked 
| 188|0x000000008bc00000, 0x000000008bc00000, 0x000000008bd00000|  0%| F|  |TAMS 0x000000008bc00000, 0x000000008bc00000| Untracked 
| 189|0x000000008bd00000, 0x000000008bd00000, 0x000000008be00000|  0%| F|  |TAMS 0x000000008bd00000, 0x000000008bd00000| Untracked 
| 190|0x000000008be00000, 0x000000008be00000, 0x000000008bf00000|  0%| F|  |TAMS 0x000000008be00000, 0x000000008be00000| Untracked 
| 191|0x000000008bf00000, 0x000000008bf00000, 0x000000008c000000|  0%| F|  |TAMS 0x000000008bf00000, 0x000000008bf00000| Untracked 
| 192|0x000000008c000000, 0x000000008c000000, 0x000000008c100000|  0%| F|  |TAMS 0x000000008c000000, 0x000000008c000000| Untracked 
| 193|0x000000008c100000, 0x000000008c100000, 0x000000008c200000|  0%| F|  |TAMS 0x000000008c100000, 0x000000008c100000| Untracked 
| 194|0x000000008c200000, 0x000000008c200000, 0x000000008c300000|  0%| F|  |TAMS 0x000000008c200000, 0x000000008c200000| Untracked 
| 195|0x000000008c300000, 0x000000008c300000, 0x000000008c400000|  0%| F|  |TAMS 0x000000008c300000, 0x000000008c300000| Untracked 
| 196|0x000000008c400000, 0x000000008c400000, 0x000000008c500000|  0%| F|  |TAMS 0x000000008c400000, 0x000000008c400000| Untracked 
| 197|0x000000008c500000, 0x000000008c500000, 0x000000008c600000|  0%| F|  |TAMS 0x000000008c500000, 0x000000008c500000| Untracked 
| 198|0x000000008c600000, 0x000000008c600000, 0x000000008c700000|  0%| F|  |TAMS 0x000000008c600000, 0x000000008c600000| Untracked 
| 199|0x000000008c700000, 0x000000008c700000, 0x000000008c800000|  0%| F|  |TAMS 0x000000008c700000, 0x000000008c700000| Untracked 
| 200|0x000000008c800000, 0x000000008c800000, 0x000000008c900000|  0%| F|  |TAMS 0x000000008c800000, 0x000000008c800000| Untracked 
| 201|0x000000008c900000, 0x000000008c900000, 0x000000008ca00000|  0%| F|  |TAMS 0x000000008c900000, 0x000000008c900000| Untracked 
| 202|0x000000008ca00000, 0x000000008ca00000, 0x000000008cb00000|  0%| F|  |TAMS 0x000000008ca00000, 0x000000008ca00000| Untracked 
| 203|0x000000008cb00000, 0x000000008cb00000, 0x000000008cc00000|  0%| F|  |TAMS 0x000000008cb00000, 0x000000008cb00000| Untracked 
| 204|0x000000008cc00000, 0x000000008cc00000, 0x000000008cd00000|  0%| F|  |TAMS 0x000000008cc00000, 0x000000008cc00000| Untracked 
| 205|0x000000008cd00000, 0x000000008cd00000, 0x000000008ce00000|  0%| F|  |TAMS 0x000000008cd00000, 0x000000008cd00000| Untracked 
| 206|0x000000008ce00000, 0x000000008ce00000, 0x000000008cf00000|  0%| F|  |TAMS 0x000000008ce00000, 0x000000008ce00000| Untracked 
| 207|0x000000008cf00000, 0x000000008cf00000, 0x000000008d000000|  0%| F|  |TAMS 0x000000008cf00000, 0x000000008cf00000| Untracked 
| 208|0x000000008d000000, 0x000000008d000000, 0x000000008d100000|  0%| F|  |TAMS 0x000000008d000000, 0x000000008d000000| Untracked 
| 209|0x000000008d100000, 0x000000008d100000, 0x000000008d200000|  0%| F|  |TAMS 0x000000008d100000, 0x000000008d100000| Untracked 
| 210|0x000000008d200000, 0x000000008d200000, 0x000000008d300000|  0%| F|  |TAMS 0x000000008d200000, 0x000000008d200000| Untracked 
| 211|0x000000008d300000, 0x000000008d300000, 0x000000008d400000|  0%| F|  |TAMS 0x000000008d300000, 0x000000008d300000| Untracked 
| 212|0x000000008d400000, 0x000000008d400000, 0x000000008d500000|  0%| F|  |TAMS 0x000000008d400000, 0x000000008d400000| Untracked 
| 213|0x000000008d500000, 0x000000008d500000, 0x000000008d600000|  0%| F|  |TAMS 0x000000008d500000, 0x000000008d500000| Untracked 
| 214|0x000000008d600000, 0x000000008d600000, 0x000000008d700000|  0%| F|  |TAMS 0x000000008d600000, 0x000000008d600000| Untracked 
| 215|0x000000008d700000, 0x000000008d700000, 0x000000008d800000|  0%| F|  |TAMS 0x000000008d700000, 0x000000008d700000| Untracked 
| 216|0x000000008d800000, 0x000000008d8afaa8, 0x000000008d900000| 68%| E|  |TAMS 0x000000008d800000, 0x000000008d800000| Complete 
| 217|0x000000008d900000, 0x000000008da00000, 0x000000008da00000|100%| E|CS|TAMS 0x000000008d900000, 0x000000008d900000| Complete 
| 218|0x000000008da00000, 0x000000008db00000, 0x000000008db00000|100%| E|CS|TAMS 0x000000008da00000, 0x000000008da00000| Complete 
| 219|0x000000008db00000, 0x000000008dc00000, 0x000000008dc00000|100%| E|CS|TAMS 0x000000008db00000, 0x000000008db00000| Complete 
| 220|0x000000008dc00000, 0x000000008dcffb68, 0x000000008dd00000| 99%| E|  |TAMS 0x000000008dc00000, 0x000000008dc00000| Complete 
| 221|0x000000008dd00000, 0x000000008de00000, 0x000000008de00000|100%| E|CS|TAMS 0x000000008dd00000, 0x000000008dd00000| Complete 
| 222|0x000000008de00000, 0x000000008df00000, 0x000000008df00000|100%| E|CS|TAMS 0x000000008de00000, 0x000000008de00000| Complete 

Card table byte_map: [0x0000015c9ecf0000,0x0000015c9f0f0000] _byte_map_base: 0x0000015c9e8f0000

Marking Bits (Prev, Next): (CMBitMap*) 0x0000015c8a01faa0, (CMBitMap*) 0x0000015c8a01fa68
 Prev Bits: [0x0000015ca14f0000, 0x0000015ca34f0000)
 Next Bits: [0x0000015c9f4f0000, 0x0000015ca14f0000)

Polling page: 0x0000015c89eb0000

Metaspace:

Usage:
  Non-class:     90.94 MB capacity,    89.53 MB ( 98%) used,     1.15 MB (  1%) free+waste,   267.19 KB ( <1%) overhead. 
      Class:     13.46 MB capacity,    12.65 MB ( 94%) used,   711.88 KB (  5%) free+waste,   117.44 KB ( <1%) overhead. 
       Both:    104.40 MB capacity,   102.18 MB ( 98%) used,     1.84 MB (  2%) free+waste,   384.63 KB ( <1%) overhead. 

Virtual space:
  Non-class space:       92.00 MB reserved,      91.17 MB (>99%) committed 
      Class space:        1.00 GB reserved,      13.50 MB (  1%) committed 
             Both:        1.09 GB reserved,     104.67 MB (  9%) committed 

Chunk freelists:
   Non-Class:  46.00 KB
       Class:  13.00 KB
        Both:  59.00 KB

MaxMetaspaceSize: 17179869184.00 GB
CompressedClassSpaceSize: 1.00 GB

CodeHeap 'non-profiled nmethods': size=120064Kb used=7962Kb max_used=7962Kb free=112101Kb
 bounds [0x0000015c96d90000, 0x0000015c97560000, 0x0000015c9e2d0000]
CodeHeap 'profiled nmethods': size=120000Kb used=31117Kb max_used=31117Kb free=88882Kb
 bounds [0x0000015c8f860000, 0x0000015c916d0000, 0x0000015c96d90000]
CodeHeap 'non-nmethods': size=5696Kb used=2315Kb max_used=2363Kb free=3380Kb
 bounds [0x0000015c8f2d0000, 0x0000015c8f540000, 0x0000015c8f860000]
 total_blobs=14933 nmethods=13998 adapters=846
 compilation: enabled
              stopped_count=0, restarted_count=0
 full_count=0

Compilation events (20 events):
Event: 71.920 Thread 0x0000015ca5b7e800 14295       3       org.apache.http.impl.io.SessionOutputBufferImpl::write (85 bytes)
Event: 71.921 Thread 0x0000015ca5b7e800 nmethod 14295 0x0000015c916b3d10 code [0x0000015c916b3f40, 0x0000015c916b4528]
Event: 71.924 Thread 0x0000015ca5b7d000 nmethod 14293 0x0000015c97555190 code [0x0000015c97555340, 0x0000015c97555968]
Event: 71.925 Thread 0x0000015ca5b7d000 14294       4       java.lang.invoke.VarHandleGuards::guard_LLL_Z (70 bytes)
Event: 71.928 Thread 0x0000015ca5b7d000 nmethod 14294 0x0000015c97555b10 code [0x0000015c97555cc0, 0x0000015c97555e48]
Event: 71.968 Thread 0x0000015ca5b7e800 14296       3       java.util.LinkedList::unlinkLast (64 bytes)
Event: 71.969 Thread 0x0000015ca5b7e800 nmethod 14296 0x0000015c916b4810 code [0x0000015c916b49e0, 0x0000015c916b4c78]
Event: 71.969 Thread 0x0000015ca5b7e800 14297       3       java.util.concurrent.atomic.AtomicMarkableReference$Pair::of (10 bytes)
Event: 71.969 Thread 0x0000015ca5b7e800 nmethod 14297 0x0000015c916b4d90 code [0x0000015c916b4f60, 0x0000015c916b51b8]
Event: 71.969 Thread 0x0000015ca5b7e800 14298       3       java.util.concurrent.atomic.AtomicMarkableReference$Pair::<init> (15 bytes)
Event: 71.970 Thread 0x0000015ca5b7e800 nmethod 14298 0x0000015c916b5290 code [0x0000015c916b5440, 0x0000015c916b55f8]
Event: 71.970 Thread 0x0000015ca5b7e800 14300       3       org.apache.http.client.methods.HttpRequestWrapper::getParams (30 bytes)
Event: 71.970 Thread 0x0000015ca5b7e800 nmethod 14300 0x0000015c916b5690 code [0x0000015c916b5860, 0x0000015c916b5b78]
Event: 71.970 Thread 0x0000015ca5b7e800 14301       3       org.apache.http.client.methods.AbstractExecutionAwareRequest::isAborted (8 bytes)
Event: 71.970 Thread 0x0000015ca5b7e800 nmethod 14301 0x0000015c916b5c90 code [0x0000015c916b5e40, 0x0000015c916b5fd8]
Event: 71.970 Thread 0x0000015ca5b7e800 14299       3       org.apache.http.client.methods.HttpRequestBase::getProtocolVersion (22 bytes)
Event: 71.971 Thread 0x0000015ca5b7e800 nmethod 14299 0x0000015c916b6110 code [0x0000015c916b6340, 0x0000015c916b6c18]
Event: 71.979 Thread 0x0000015ca5b7e800 14302       3       java.util.concurrent.ScheduledThreadPoolExecutor::canRunInCurrentRunState (61 bytes)
Event: 71.981 Thread 0x0000015ca5b7e800 nmethod 14302 0x0000015c916b6e90 code [0x0000015c916b70c0, 0x0000015c916b78e8]
Event: 71.988 Thread 0x0000015ca5b7d000 14303   !   4       com.sun.crypto.provider.GaloisCounterMode::decryptFinal (304 bytes)

GC Heap History (20 events):
Event: 42.399 GC heap before
{Heap before GC invocations=54 (full 0):
 garbage-first heap   total 140288K, used 113690K [0x0000000080000000, 0x0000000100000000)
  region size 1024K, 14 young (14336K), 2 survivors (2048K)
 Metaspace       used 88790K, capacity 90881K, committed 91184K, reserved 1128448K
  class space    used 11301K, capacity 12066K, committed 12160K, reserved 1048576K
}
Event: 42.409 GC heap after
{Heap after GC invocations=55 (full 0):
 garbage-first heap   total 184320K, used 101780K [0x0000000080000000, 0x0000000100000000)
  region size 1024K, 1 young (1024K), 1 survivors (1024K)
 Metaspace       used 88790K, capacity 90881K, committed 91184K, reserved 1128448K
  class space    used 11301K, capacity 12066K, committed 12160K, reserved 1048576K
}
Event: 43.227 GC heap before
{Heap before GC invocations=56 (full 0):
 garbage-first heap   total 184320K, used 130452K [0x0000000080000000, 0x0000000100000000)
  region size 1024K, 29 young (29696K), 1 survivors (1024K)
 Metaspace       used 88805K, capacity 90881K, committed 91184K, reserved 1128448K
  class space    used 11301K, capacity 12066K, committed 12160K, reserved 1048576K
}
Event: 43.230 GC heap after
{Heap after GC invocations=57 (full 0):
 garbage-first heap   total 184320K, used 101498K [0x0000000080000000, 0x0000000100000000)
  region size 1024K, 1 young (1024K), 1 survivors (1024K)
 Metaspace       used 88805K, capacity 90881K, committed 91184K, reserved 1128448K
  class space    used 11301K, capacity 12066K, committed 12160K, reserved 1048576K
}
Event: 43.775 GC heap before
{Heap before GC invocations=57 (full 0):
 garbage-first heap   total 184320K, used 126074K [0x0000000080000000, 0x0000000100000000)
  region size 1024K, 27 young (27648K), 1 survivors (1024K)
 Metaspace       used 88832K, capacity 90919K, committed 91184K, reserved 1128448K
  class space    used 11305K, capacity 12100K, committed 12160K, reserved 1048576K
}
Event: 43.785 GC heap after
{Heap after GC invocations=58 (full 0):
 garbage-first heap   total 184320K, used 106233K [0x0000000080000000, 0x0000000100000000)
  region size 1024K, 4 young (4096K), 4 survivors (4096K)
 Metaspace       used 88832K, capacity 90919K, committed 91184K, reserved 1128448K
  class space    used 11305K, capacity 12100K, committed 12160K, reserved 1048576K
}
Event: 44.707 GC heap before
{Heap before GC invocations=59 (full 0):
 garbage-first heap   total 184320K, used 152313K [0x0000000080000000, 0x0000000100000000)
  region size 1024K, 35 young (35840K), 4 survivors (4096K)
 Metaspace       used 91243K, capacity 93366K, committed 93616K, reserved 1130496K
  class space    used 11499K, capacity 12276K, committed 12288K, reserved 1048576K
}
Event: 44.723 GC heap after
{Heap after GC invocations=60 (full 0):
 garbage-first heap   total 184320K, used 110292K [0x0000000080000000, 0x0000000100000000)
  region size 1024K, 5 young (5120K), 5 survivors (5120K)
 Metaspace       used 91243K, capacity 93366K, committed 93616K, reserved 1130496K
  class space    used 11499K, capacity 12276K, committed 12288K, reserved 1048576K
}
Event: 45.183 GC heap before
{Heap before GC invocations=60 (full 0):
 garbage-first heap   total 184320K, used 139988K [0x0000000080000000, 0x0000000100000000)
  region size 1024K, 35 young (35840K), 5 survivors (5120K)
 Metaspace       used 92559K, capacity 94646K, committed 94768K, reserved 1132544K
  class space    used 11585K, capacity 12340K, committed 12416K, reserved 1048576K
}
Event: 45.199 GC heap after
{Heap after GC invocations=61 (full 0):
 garbage-first heap   total 184320K, used 113523K [0x0000000080000000, 0x0000000100000000)
  region size 1024K, 4 young (4096K), 4 survivors (4096K)
 Metaspace       used 92559K, capacity 94646K, committed 94768K, reserved 1132544K
  class space    used 11585K, capacity 12340K, committed 12416K, reserved 1048576K
}
Event: 45.554 GC heap before
{Heap before GC invocations=61 (full 0):
 garbage-first heap   total 184320K, used 132979K [0x0000000080000000, 0x0000000100000000)
  region size 1024K, 34 young (34816K), 4 survivors (4096K)
 Metaspace       used 92898K, capacity 94998K, committed 95280K, reserved 1132544K
  class space    used 11607K, capacity 12372K, committed 12416K, reserved 1048576K
}
Event: 45.570 GC heap after
{Heap after GC invocations=62 (full 0):
 garbage-first heap   total 228352K, used 108182K [0x0000000080000000, 0x0000000100000000)
  region size 1024K, 5 young (5120K), 5 survivors (5120K)
 Metaspace       used 92898K, capacity 94998K, committed 95280K, reserved 1132544K
  class space    used 11607K, capacity 12372K, committed 12416K, reserved 1048576K
}
Event: 47.032 GC heap before
{Heap before GC invocations=63 (full 0):
 garbage-first heap   total 228352K, used 159382K [0x0000000080000000, 0x0000000100000000)
  region size 1024K, 55 young (56320K), 5 survivors (5120K)
 Metaspace       used 94231K, capacity 96335K, committed 96432K, reserved 1132544K
  class space    used 11727K, capacity 12471K, committed 12544K, reserved 1048576K
}
Event: 47.043 GC heap after
{Heap after GC invocations=64 (full 0):
 garbage-first heap   total 228352K, used 106147K [0x0000000080000000, 0x0000000100000000)
  region size 1024K, 2 young (2048K), 2 survivors (2048K)
 Metaspace       used 94231K, capacity 96335K, committed 96432K, reserved 1132544K
  class space    used 11727K, capacity 12471K, committed 12544K, reserved 1048576K
}
Event: 47.407 GC heap before
{Heap before GC invocations=64 (full 0):
 garbage-first heap   total 228352K, used 114339K [0x0000000080000000, 0x0000000100000000)
  region size 1024K, 11 young (11264K), 2 survivors (2048K)
 Metaspace       used 94489K, capacity 96590K, committed 96688K, reserved 1134592K
  class space    used 11759K, capacity 12513K, committed 12544K, reserved 1048576K
}
Event: 47.415 GC heap after
{Heap after GC invocations=65 (full 0):
 garbage-first heap   total 228352K, used 95025K [0x0000000080000000, 0x0000000100000000)
  region size 1024K, 1 young (1024K), 1 survivors (1024K)
 Metaspace       used 94489K, capacity 96590K, committed 96688K, reserved 1134592K
  class space    used 11759K, capacity 12513K, committed 12544K, reserved 1048576K
}
Event: 50.268 GC heap before
{Heap before GC invocations=65 (full 0):
 garbage-first heap   total 228352K, used 176945K [0x0000000080000000, 0x0000000100000000)
  region size 1024K, 81 young (82944K), 1 survivors (1024K)
 Metaspace       used 100804K, capacity 103013K, committed 103216K, reserved 1138688K
  class space    used 12560K, capacity 13390K, committed 13440K, reserved 1048576K
}
Event: 50.281 GC heap after
{Heap after GC invocations=66 (full 0):
 garbage-first heap   total 228352K, used 99264K [0x0000000080000000, 0x0000000100000000)
  region size 1024K, 5 young (5120K), 5 survivors (5120K)
 Metaspace       used 100804K, capacity 103013K, committed 103216K, reserved 1138688K
  class space    used 12560K, capacity 13390K, committed 13440K, reserved 1048576K
}
Event: 71.521 GC heap before
{Heap before GC invocations=66 (full 0):
 garbage-first heap   total 228352K, used 178112K [0x0000000080000000, 0x0000000100000000)
  region size 1024K, 83 young (84992K), 5 survivors (5120K)
 Metaspace       used 104600K, capacity 106900K, committed 107184K, reserved 1142784K
  class space    used 12949K, capacity 13779K, committed 13824K, reserved 1048576K
}
Event: 71.881 GC heap after
{Heap after GC invocations=67 (full 0):
 garbage-first heap   total 228352K, used 101392K [0x0000000080000000, 0x0000000100000000)
  region size 1024K, 7 young (7168K), 7 survivors (7168K)
 Metaspace       used 104600K, capacity 106900K, committed 107184K, reserved 1142784K
  class space    used 12949K, capacity 13779K, committed 13824K, reserved 1048576K
}

Deoptimization events (20 events):
Event: 70.984 Thread 0x0000015caaca8000 DEOPT PACKING pc=0x0000015c975515e8 sp=0x0000005b26efd190
Event: 70.984 Thread 0x0000015caaca8000 DEOPT UNPACKING pc=0x0000015c8f2f78af sp=0x0000005b26efd078 mode 2
Event: 70.984 Thread 0x0000015caaca8000 Uncommon trap: trap_request=0xffffff6e fr.pc=0x0000015c975515e8 relative=0x00000000000008e8
Event: 70.984 Thread 0x0000015caaca8000 Uncommon trap: reason=speculate_class_check action=maybe_recompile pc=0x0000015c975515e8 method=sun.security.provider.DigestBase.implCompressMultiBlock0([BII)I @ 8 c2
Event: 70.984 Thread 0x0000015caaca8000 DEOPT PACKING pc=0x0000015c975515e8 sp=0x0000005b26efd190
Event: 70.984 Thread 0x0000015caaca8000 DEOPT UNPACKING pc=0x0000015c8f2f78af sp=0x0000005b26efd078 mode 2
Event: 70.984 Thread 0x0000015caaca8000 Uncommon trap: trap_request=0xffffff6e fr.pc=0x0000015c975515e8 relative=0x00000000000008e8
Event: 70.984 Thread 0x0000015caaca8000 Uncommon trap: reason=speculate_class_check action=maybe_recompile pc=0x0000015c975515e8 method=sun.security.provider.DigestBase.implCompressMultiBlock0([BII)I @ 8 c2
Event: 70.984 Thread 0x0000015caaca8000 DEOPT PACKING pc=0x0000015c975515e8 sp=0x0000005b26efd190
Event: 70.985 Thread 0x0000015caaca8000 DEOPT UNPACKING pc=0x0000015c8f2f78af sp=0x0000005b26efd078 mode 2
Event: 70.985 Thread 0x0000015caaca8000 Uncommon trap: trap_request=0xffffff6e fr.pc=0x0000015c975515e8 relative=0x00000000000008e8
Event: 70.985 Thread 0x0000015caaca8000 Uncommon trap: reason=speculate_class_check action=maybe_recompile pc=0x0000015c975515e8 method=sun.security.provider.DigestBase.implCompressMultiBlock0([BII)I @ 8 c2
Event: 70.985 Thread 0x0000015caaca8000 DEOPT PACKING pc=0x0000015c975515e8 sp=0x0000005b26efd190
Event: 70.985 Thread 0x0000015caaca8000 DEOPT UNPACKING pc=0x0000015c8f2f78af sp=0x0000005b26efd078 mode 2
Event: 70.990 Thread 0x0000015caaca8000 DEOPT PACKING pc=0x0000015c901fbb18 sp=0x0000005b26efd100
Event: 70.990 Thread 0x0000015caaca8000 DEOPT UNPACKING pc=0x0000015c8f2f76ce sp=0x0000005b26efc570 mode 0
Event: 71.117 Thread 0x0000015caaca8000 Uncommon trap: trap_request=0xffffff4d fr.pc=0x0000015c9754097c relative=0x0000000000000ddc
Event: 71.117 Thread 0x0000015caaca8000 Uncommon trap: reason=unstable_if action=reinterpret pc=0x0000015c9754097c method=com.esotericsoftware.kryo.io.Output.writeVarLong(JZ)I @ 213 c2
Event: 71.117 Thread 0x0000015caaca8000 DEOPT PACKING pc=0x0000015c9754097c sp=0x0000005b26efc740
Event: 71.117 Thread 0x0000015caaca8000 DEOPT UNPACKING pc=0x0000015c8f2f78af sp=0x0000005b26efc740 mode 2

Classes redefined (0 events):
No events

Internal exceptions (20 events):
Event: 46.917 Thread 0x0000015ca8484000 Exception <a 'sun/nio/fs/WindowsException'{0x000000008af58dd8}> (0x000000008af58dd8) thrown at [./src/hotspot/share/prims/jni.cpp, line 615]
Event: 46.917 Thread 0x0000015ca8484000 Exception <a 'sun/nio/fs/WindowsException'{0x000000008af590f8}> (0x000000008af590f8) thrown at [./src/hotspot/share/prims/jni.cpp, line 615]
Event: 46.917 Thread 0x0000015ca8484000 Exception <a 'sun/nio/fs/WindowsException'{0x000000008af5a790}> (0x000000008af5a790) thrown at [./src/hotspot/share/prims/jni.cpp, line 615]
Event: 46.917 Thread 0x0000015ca8484000 Exception <a 'sun/nio/fs/WindowsException'{0x000000008af5aa78}> (0x000000008af5aa78) thrown at [./src/hotspot/share/prims/jni.cpp, line 615]
Event: 46.918 Thread 0x0000015ca8484000 Exception <a 'sun/nio/fs/WindowsException'{0x000000008af5c0f8}> (0x000000008af5c0f8) thrown at [./src/hotspot/share/prims/jni.cpp, line 615]
Event: 47.397 Thread 0x0000015ca8484000 Implicit null exception at 0x0000015c970a1f14 to 0x0000015c970a24ec
Event: 49.600 Thread 0x0000015caf09d000 Exception <a 'sun/nio/fs/WindowsException'{0x000000008a40b188}> (0x000000008a40b188) thrown at [./src/hotspot/share/prims/jni.cpp, line 615]
Event: 59.078 Thread 0x0000015caaca5800 Exception <a 'java/net/SocketTimeoutException'{0x000000008b6053f0}: Read timed out> (0x000000008b6053f0) thrown at [./src/hotspot/share/prims/jni.cpp, line 636]
Event: 59.099 Thread 0x0000015caaca6000 Exception <a 'java/net/SocketTimeoutException'{0x000000008b614c60}: Read timed out> (0x000000008b614c60) thrown at [./src/hotspot/share/prims/jni.cpp, line 636]
Event: 59.297 Thread 0x0000015caaca8800 Exception <a 'java/net/SocketTimeoutException'{0x000000008bb7a228}: Read timed out> (0x000000008bb7a228) thrown at [./src/hotspot/share/prims/jni.cpp, line 636]
Event: 59.537 Thread 0x0000015caaca5800 Exception <a 'java/net/SocketTimeoutException'{0x000000008b639d70}: Read timed out> (0x000000008b639d70) thrown at [./src/hotspot/share/prims/jni.cpp, line 636]
Event: 59.569 Thread 0x0000015caaca8800 Exception <a 'java/net/SocketTimeoutException'{0x000000008b64a2d8}: Read timed out> (0x000000008b64a2d8) thrown at [./src/hotspot/share/prims/jni.cpp, line 636]
Event: 59.570 Thread 0x0000015caaca6000 Exception <a 'java/net/SocketTimeoutException'{0x000000008b659278}: Read timed out> (0x000000008b659278) thrown at [./src/hotspot/share/prims/jni.cpp, line 636]
Event: 59.584 Thread 0x0000015caaca8000 Exception <a 'java/net/SocketTimeoutException'{0x000000008b66c7a8}: Read timed out> (0x000000008b66c7a8) thrown at [./src/hotspot/share/prims/jni.cpp, line 636]
Event: 60.320 Thread 0x0000015caaca5800 Exception <a 'java/net/SocketTimeoutException'{0x000000008b493748}: Read timed out> (0x000000008b493748) thrown at [./src/hotspot/share/prims/jni.cpp, line 636]
Event: 62.531 Thread 0x0000015caf09d000 Implicit null exception at 0x0000015c96fb9c77 to 0x0000015c96fb9e0c
Event: 66.269 Thread 0x0000015caf09d000 Exception <a 'java/net/SocketTimeoutException'{0x000000008aead6c8}: Read timed out> (0x000000008aead6c8) thrown at [./src/hotspot/share/prims/jni.cpp, line 636]
Event: 66.278 Thread 0x0000015caaca8000 Exception <a 'java/net/SocketTimeoutException'{0x000000008a7cf4f8}: Read timed out> (0x000000008a7cf4f8) thrown at [./src/hotspot/share/prims/jni.cpp, line 636]
Event: 66.853 Thread 0x0000015caaca5800 Exception <a 'java/net/SocketTimeoutException'{0x000000008a52db38}: Read timed out> (0x000000008a52db38) thrown at [./src/hotspot/share/prims/jni.cpp, line 636]
Event: 67.711 Thread 0x0000015caf09d000 Exception <a 'java/net/SocketTimeoutException'{0x000000008a0caa48}: Read timed out> (0x000000008a0caa48) thrown at [./src/hotspot/share/prims/jni.cpp, line 636]

Events (20 events):
Event: 68.263 loading class org/gradle/api/Transformer
Event: 68.263 loading class org/gradle/api/Transformer done
Event: 68.362 loading class org/gradle/internal/resource/BuildOperationFiringExternalResourceDecorator$10
Event: 68.362 loading class org/gradle/internal/resource/BuildOperationFiringExternalResourceDecorator$10 done
Event: 68.744 Executing VM operation: RevokeBias
Event: 68.748 Executing VM operation: RevokeBias done
Event: 68.748 Executing VM operation: RevokeBias
Event: 68.749 Executing VM operation: RevokeBias done
Event: 69.029 loading class org/apache/commons/io/Charsets
Event: 69.029 loading class org/apache/commons/io/Charsets done
Event: 69.031 Executing VM operation: RevokeBias
Event: 69.034 Executing VM operation: RevokeBias done
Event: 69.035 Executing VM operation: RevokeBias
Event: 69.036 Executing VM operation: RevokeBias done
Event: 69.041 loading class sun/nio/cs/US_ASCII$Decoder
Event: 69.049 loading class sun/nio/cs/US_ASCII$Decoder done
Event: 71.458 Executing VM operation: G1CollectForAllocation
Event: 71.882 Executing VM operation: G1CollectForAllocation done
Event: 71.884 Executing VM operation: RevokeBias
Event: 71.884 Executing VM operation: RevokeBias done


Dynamic libraries:
0x00007ff660ff0000 - 0x00007ff660ffa000 	C:\Program Files\Android\Android Studio\jre\bin\java.exe
0x00007ffc32ed0000 - 0x00007ffc330c5000 	C:\WINDOWS\SYSTEM32\ntdll.dll
0x00007ffc32790000 - 0x00007ffc3284e000 	C:\WINDOWS\System32\KERNEL32.DLL
0x00007ffc30970000 - 0x00007ffc30c38000 	C:\WINDOWS\System32\KERNELBASE.dll
0x00007ffc307e0000 - 0x00007ffc308e0000 	C:\WINDOWS\System32\ucrtbase.dll
0x00007ffc22120000 - 0x00007ffc22139000 	C:\Program Files\Android\Android Studio\jre\bin\jli.dll
0x00007ffc14a20000 - 0x00007ffc14a37000 	C:\Program Files\Android\Android Studio\jre\bin\VCRUNTIME140.dll
0x00007ffc31530000 - 0x00007ffc316d1000 	C:\WINDOWS\System32\USER32.dll
0x00007ffc30c70000 - 0x00007ffc30c92000 	C:\WINDOWS\System32\win32u.dll
0x00007ffc32c60000 - 0x00007ffc32c8b000 	C:\WINDOWS\System32\GDI32.dll
0x00007ffc30680000 - 0x00007ffc3078d000 	C:\WINDOWS\System32\gdi32full.dll
0x00007ffc305e0000 - 0x00007ffc3067d000 	C:\WINDOWS\System32\msvcp_win.dll
0x00007ffc1bfc0000 - 0x00007ffc1c25a000 	C:\WINDOWS\WinSxS\amd64_microsoft.windows.common-controls_6595b64144ccf1df_6.0.19041.1110_none_60b5254171f9507e\COMCTL32.dll
0x00007ffc32df0000 - 0x00007ffc32e8e000 	C:\WINDOWS\System32\msvcrt.dll
0x00007ffc313d0000 - 0x00007ffc31400000 	C:\WINDOWS\System32\IMM32.DLL
0x00007ffbf7580000 - 0x00007ffbf761d000 	C:\Program Files\Android\Android Studio\jre\bin\msvcp140.dll
0x00007ffba59c0000 - 0x00007ffba648f000 	C:\Program Files\Android\Android Studio\jre\bin\server\jvm.dll
0x00007ffc316e0000 - 0x00007ffc3178c000 	C:\WINDOWS\System32\ADVAPI32.dll
0x00007ffc32bc0000 - 0x00007ffc32c5b000 	C:\WINDOWS\System32\sechost.dll
0x00007ffc310d0000 - 0x00007ffc311fa000 	C:\WINDOWS\System32\RPCRT4.dll
0x00007ffc32d10000 - 0x00007ffc32d18000 	C:\WINDOWS\System32\PSAPI.DLL
0x00007ffc25ad0000 - 0x00007ffc25ada000 	C:\WINDOWS\SYSTEM32\VERSION.dll
0x00007ffc0cf30000 - 0x00007ffc0cf57000 	C:\WINDOWS\SYSTEM32\WINMM.dll
0x00007ffc147d0000 - 0x00007ffc147d9000 	C:\WINDOWS\SYSTEM32\WSOCK32.dll
0x00007ffc31790000 - 0x00007ffc317fb000 	C:\WINDOWS\System32\ws2_32.DLL
0x00007ffc2ee60000 - 0x00007ffc2ee72000 	C:\WINDOWS\SYSTEM32\kernel.appcore.dll
0x00007ffc277a0000 - 0x00007ffc277b1000 	C:\Program Files\Android\Android Studio\jre\bin\verify.dll
0x00007ffc2eb70000 - 0x00007ffc2ed54000 	C:\WINDOWS\SYSTEM32\DBGHELP.DLL
0x00007ffc160a0000 - 0x00007ffc160cc000 	C:\WINDOWS\SYSTEM32\dbgcore.DLL
0x00007ffc308e0000 - 0x00007ffc30962000 	C:\WINDOWS\System32\bcryptPrimitives.dll
0x00007ffc274f0000 - 0x00007ffc27519000 	C:\Program Files\Android\Android Studio\jre\bin\java.dll
0x00007ffc2b410000 - 0x00007ffc2b41b000 	C:\Program Files\Android\Android Studio\jre\bin\jimage.dll
0x00007ffc27550000 - 0x00007ffc27568000 	C:\Program Files\Android\Android Studio\jre\bin\zip.dll
0x00007ffc31b60000 - 0x00007ffc322a4000 	C:\WINDOWS\System32\SHELL32.dll
0x00007ffc2e3d0000 - 0x00007ffc2eb64000 	C:\WINDOWS\SYSTEM32\windows.storage.dll
0x00007ffc32850000 - 0x00007ffc32ba5000 	C:\WINDOWS\System32\combase.dll
0x00007ffc2ffc0000 - 0x00007ffc2ffee000 	C:\WINDOWS\SYSTEM32\Wldp.dll
0x00007ffc30f10000 - 0x00007ffc30fbd000 	C:\WINDOWS\System32\SHCORE.dll
0x00007ffc32730000 - 0x00007ffc32785000 	C:\WINDOWS\System32\shlwapi.dll
0x00007ffc30520000 - 0x00007ffc3053f000 	C:\WINDOWS\SYSTEM32\profapi.dll
0x00007ffc07d70000 - 0x00007ffc07d8a000 	C:\Program Files\Android\Android Studio\jre\bin\net.dll
0x00007ffc1efd0000 - 0x00007ffc1f0dc000 	C:\WINDOWS\SYSTEM32\WINHTTP.dll
0x00007ffc2fcc0000 - 0x00007ffc2fd2a000 	C:\WINDOWS\system32\mswsock.dll
0x00007ffc045b0000 - 0x00007ffc045c4000 	C:\Program Files\Android\Android Studio\jre\bin\nio.dll
0x00007ffbf5ea0000 - 0x00007ffbf5ec7000 	C:\Users\ASUS\.gradle\native\8bec1ad78214c89d9ad589b4d07fe93259594b29d510b10fafb7a158f7737e5d\windows-amd64\native-platform.dll
0x00007ffbf5d60000 - 0x00007ffbf5e9d000 	C:\Users\ASUS\.gradle\native\53dbd7edfb1c66fb8903c78663c9afc45aea4f116125fa6feffd364cf09443e8\windows-amd64\native-platform-file-events.dll
0x00007ffc2b2d0000 - 0x00007ffc2b2da000 	C:\Program Files\Android\Android Studio\jre\bin\management.dll
0x00007ffc29c20000 - 0x00007ffc29c2c000 	C:\Program Files\Android\Android Studio\jre\bin\management_ext.dll
0x00007ffc2fec0000 - 0x00007ffc2fed8000 	C:\WINDOWS\SYSTEM32\CRYPTSP.dll
0x00007ffc2f640000 - 0x00007ffc2f674000 	C:\WINDOWS\system32\rsaenh.dll
0x00007ffc30c40000 - 0x00007ffc30c67000 	C:\WINDOWS\System32\bcrypt.dll
0x00007ffc304e0000 - 0x00007ffc3050e000 	C:\WINDOWS\SYSTEM32\USERENV.dll
0x00007ffc2feb0000 - 0x00007ffc2febc000 	C:\WINDOWS\SYSTEM32\CRYPTBASE.dll
0x00007ffc2f9b0000 - 0x00007ffc2f9eb000 	C:\WINDOWS\SYSTEM32\IPHLPAPI.DLL
0x00007ffc32bb0000 - 0x00007ffc32bb8000 	C:\WINDOWS\System32\NSI.dll
0x00007ffc207c0000 - 0x00007ffc207d7000 	C:\WINDOWS\SYSTEM32\dhcpcsvc6.DLL
0x00007ffc22920000 - 0x00007ffc2293d000 	C:\WINDOWS\SYSTEM32\dhcpcsvc.DLL
0x00007ffc2f9f0000 - 0x00007ffc2fabb000 	C:\WINDOWS\SYSTEM32\DNSAPI.dll
0x00007ffc0ab50000 - 0x00007ffc0ab77000 	C:\Program Files\Android\Android Studio\jre\bin\sunec.dll
0x00007ffc1eed0000 - 0x00007ffc1eeda000 	C:\Windows\System32\rasadhlp.dll
0x00007ffc1eef0000 - 0x00007ffc1ef6f000 	C:\WINDOWS\System32\fwpuclnt.dll

dbghelp: loaded successfully - version: 4.0.5 - missing functions: none
symbol engine: initialized successfully - sym options: 0x614 - pdb path: .;C:\Program Files\Android\Android Studio\jre\bin;C:\WINDOWS\SYSTEM32;C:\WINDOWS\WinSxS\amd64_microsoft.windows.common-controls_6595b64144ccf1df_6.0.19041.1110_none_60b5254171f9507e;C:\Program Files\Android\Android Studio\jre\bin\server;C:\Users\ASUS\.gradle\native\8bec1ad78214c89d9ad589b4d07fe93259594b29d510b10fafb7a158f7737e5d\windows-amd64;C:\Users\ASUS\.gradle\native\53dbd7edfb1c66fb8903c78663c9afc45aea4f116125fa6feffd364cf09443e8\windows-amd64

VM Arguments:
jvm_args: --add-opens=java.base/java.util=ALL-UNNAMED --add-opens=java.base/java.lang=ALL-UNNAMED --add-opens=java.base/java.lang.invoke=ALL-UNNAMED --add-opens=java.base/java.util=ALL-UNNAMED --add-opens=java.prefs/java.util.prefs=ALL-UNNAMED --add-opens=java.prefs/java.util.prefs=ALL-UNNAMED --add-opens=java.base/java.nio.charset=ALL-UNNAMED --add-opens=java.base/java.net=ALL-UNNAMED --add-opens=java.base/java.util.concurrent.atomic=ALL-UNNAMED -Xmx2048m -Dfile.encoding=UTF-8 -Duser.country=US -Duser.language=en -Duser.variant 
java_command: org.gradle.launcher.daemon.bootstrap.GradleDaemon 7.0.2
java_class_path (initial): C:\Users\ASUS\.gradle\wrapper\dists\gradle-7.0.2-bin\857tjihv64xamwrf0h14cai3r\gradle-7.0.2\lib\gradle-launcher-7.0.2.jar
Launcher Type: SUN_STANDARD

[Global flags]
     intx CICompilerCount                          = 3                                         {product} {ergonomic}
     uint ConcGCThreads                            = 1                                         {product} {ergonomic}
     uint G1ConcRefinementThreads                  = 4                                         {product} {ergonomic}
   size_t G1HeapRegionSize                         = 1048576                                   {product} {ergonomic}
    uintx GCDrainStackTargetSize                   = 64                                        {product} {ergonomic}
   size_t InitialHeapSize                          = 67108864                                  {product} {ergonomic}
   size_t MarkStackSize                            = 4194304                                   {product} {ergonomic}
   size_t MaxHeapSize                              = 2147483648                                {product} {command line}
   size_t MaxNewSize                               = 1287651328                                {product} {ergonomic}
   size_t MinHeapDeltaBytes                        = 1048576                                   {product} {ergonomic}
    uintx NonNMethodCodeHeapSize                   = 5830732                                {pd product} {ergonomic}
    uintx NonProfiledCodeHeapSize                  = 122913754                              {pd product} {ergonomic}
    uintx ProfiledCodeHeapSize                     = 122913754                              {pd product} {ergonomic}
    uintx ReservedCodeCacheSize                    = 251658240                              {pd product} {ergonomic}
     bool SegmentedCodeCache                       = true                                      {product} {ergonomic}
     bool UseCompressedClassPointers               = true                                 {lp64_product} {ergonomic}
     bool UseCompressedOops                        = true                                 {lp64_product} {ergonomic}
     bool UseG1GC                                  = true                                      {product} {ergonomic}
     bool UseLargePagesIndividualAllocation        = false                                  {pd product} {ergonomic}

Logging:
Log output configuration:
 #0: stdout all=warning uptime,level,tags
 #1: stderr all=off uptime,level,tags

Environment Variables:
PATH=C:\Program Files\Common Files\Oracle\Java\javapath;C:\Program Files (x86)\Common Files\Oracle\Java\javapath;C:\WINDOWS\system32;C:\WINDOWS;C:\WINDOWS\System32\Wbem;C:\WINDOWS\System32\WindowsPowerShell\v1.0\;C:\WINDOWS\System32\OpenSSH\;C:\Program Files\Intel\WiFi\bin\;C:\Program Files\Common Files\Intel\WirelessCommon\;C:\Program Files (x86)\Windows Live\Shared;C:\Program Files\dotnet\;C:\Program Files\Microsoft SQL Server\130\Tools\Binn\;C:\MinGW\bin;C:\Program Files (x86)\dotnet\;C:\Program Files\Git\cmd;C:\Program Files\Git\mingw64\bin;C:\Program Files\Git\usr\bin;C::\xampp\php;C:\xampp\php;C:\ProgramData\ComposerSetup\bin;C:\Users\ASUS\AppData\Local\Programs\Python\Python39\Scripts\;C:\Users\ASUS\AppData\Local\Programs\Python\Python39\;C:\Users\ASUS\AppData\Local\Microsoft\WindowsApps;C:\Program Files\JetBrains\PyCharm Community Edition 2020.2.3\bin;;C:\Users\ASUS\.dotnet\tools;C:\Users\ASUS\AppData\Local\Programs\Microsoft VS Code\bin;C:\Users\ASUS\AppData\Local\GitHubDesktop\bin;C:\Users\ASUS\AppData\Roaming\Composer\vendor\bin
USERNAME=ASUS
OS=Windows_NT
PROCESSOR_IDENTIFIER=Intel64 Family 6 Model 142 Stepping 9, GenuineIntel



---------------  S Y S T E M  ---------------

OS: Windows 10 , 64 bit Build 19041 (10.0.19041.1348)
OS uptime: 8 days 18:09 hours

CPU:total 4 (initial active 4) (2 cores per cpu, 2 threads per core) family 6 model 142 stepping 9 microcode 0xb4, cmov, cx8, fxsr, mmx, sse, sse2, sse3, ssse3, sse4.1, sse4.2, popcnt, avx, avx2, aes, clmul, erms, 3dnowpref, lzcnt, ht, tsc, tscinvbit, bmi1, bmi2, adx, fma

Memory: 4k page, system-wide physical 3978M (74M free)
TotalPageFile size 16266M (AvailPageFile size 2M)
current process WorkingSet (physical memory assigned to process): 147M, peak: 428M
current process commit charge ("private bytes"): 509M, peak: 528M

vm_info: OpenJDK 64-Bit Server VM (11.0.10+0-b96-7249189) for windows-amd64 JRE (11.0.10+0-b96-7249189), built on Mar 31 2021 21:44:00 by "builder" with MS VC++ 14.0 (VS2015)

END.
